running e2j
compiling the Java generated code
My_e2j.java:3: error: illegal start of expression
=
^
My_e2j.java:4: error: unclosed string literal
System.out.println"
                  ^
My_e2j.java:6: error: unclosed string literal
"
^
My_e2j.java:7: error: unclosed string literal
System.out.println"
                  ^
My_e2j.java:7: error: not a statement
System.out.println"
          ^
My_e2j.java:8: error: unclosed string literal
"
^
My_e2j.java:10: error: unclosed string literal
System.out.println"
                  ^
My_e2j.java:10: error: not a statement
System.out.println"
          ^
My_e2j.java:11: error: unclosed string literal
"
^
My_e2j.java:12: error: unclosed string literal
System.out.println"
                  ^
My_e2j.java:12: error: not a statement
System.out.println"
          ^
My_e2j.java:13: error: unclosed string literal
"
^
My_e2j.java:14: error: unclosed string literal
System.out.println"
                  ^
My_e2j.java:14: error: not a statement
System.out.println"
          ^
My_e2j.java:15: error: unclosed string literal
"
^
My_e2j.java:16: error: unclosed string literal
System.out.println"
                  ^
My_e2j.java:16: error: not a statement
System.out.println"
          ^
My_e2j.java:17: error: unclosed string literal
"
^
My_e2j.java:18: error: unclosed string literal
System.out.println"
                  ^
My_e2j.java:18: error: not a statement
System.out.println"
          ^
My_e2j.java:19: error: unclosed string literal
"
^
My_e2j.java:22: error: unclosed string literal
System.out.println"
                  ^
My_e2j.java:22: error: not a statement
System.out.println"
          ^
My_e2j.java:23: error: unclosed string literal
"
^
My_e2j.java:24: error: unclosed string literal
System.out.println"
                  ^
My_e2j.java:24: error: not a statement
System.out.println"
          ^
My_e2j.java:25: error: unclosed string literal
"
^
My_e2j.java:26: error: unclosed string literal
System.out.println"
                  ^
My_e2j.java:26: error: not a statement
System.out.println"
          ^
My_e2j.java:27: error: unclosed string literal
"
^
My_e2j.java:28: error: unclosed string literal
System.out.println"
                  ^
My_e2j.java:28: error: not a statement
System.out.println"
          ^
My_e2j.java:29: error: unclosed string literal
"
^
My_e2j.java:31: error: unclosed string literal
System.out.println"
                  ^
My_e2j.java:31: error: not a statement
System.out.println"
          ^
My_e2j.java:32: error: unclosed string literal
"
^
My_e2j.java:33: error: unclosed string literal
System.out.println"
                  ^
My_e2j.java:33: error: not a statement
System.out.println"
          ^
My_e2j.java:34: error: unclosed string literal
"
^
My_e2j.java:36: error: unclosed string literal
System.out.println"
                  ^
My_e2j.java:36: error: not a statement
System.out.println"
          ^
My_e2j.java:37: error: unclosed string literal
"
^
My_e2j.java:38: error: unclosed string literal
System.out.println"
                  ^
My_e2j.java:38: error: not a statement
System.out.println"
          ^
My_e2j.java:39: error: unclosed string literal
"
^
My_e2j.java:40: error: unclosed string literal
System.out.println"
                  ^
My_e2j.java:40: error: not a statement
System.out.println"
          ^
My_e2j.java:41: error: unclosed string literal
"
^
48 errors
