running e2j
compiling the Java generated code
My_e2j.java:3: error: illegal start of expression
=
^
My_e2j.java:6: error: illegal start of expression
=
^
My_e2j.java:8: error: unclosed string literal
System.out.println"
                  ^
My_e2j.java:9: error: unclosed string literal
"
^
My_e2j.java:17: error: unclosed string literal
System.out.println"
                  ^
My_e2j.java:17: error: not a statement
System.out.println"
          ^
My_e2j.java:18: error: unclosed string literal
"
^
My_e2j.java:23: error: unclosed string literal
System.out.println"
                  ^
My_e2j.java:23: error: not a statement
System.out.println"
          ^
My_e2j.java:24: error: unclosed string literal
"
^
My_e2j.java:29: error: unclosed string literal
System.out.println"
                  ^
My_e2j.java:29: error: not a statement
System.out.println"
          ^
My_e2j.java:30: error: unclosed string literal
"
^
13 errors
